<?xml version="1.0" encoding="utf-8"?><testsuites><testsuite name="pytest" errors="0" failures="0" skipped="0" tests="6" time="4.908" timestamp="2021-10-16T14:19:28.634291" hostname="emperor"><testcase classname="test.sportscar.body.test_body" name="test_can_navigate" time="1.482" /><testcase classname="test.sportscar.engine.test_engine" name="test_engine_functions_as_expected" time="0.001" /><testcase classname="test.sportscar.engine.test_engine" name="test_can_navigate_to_youtube" time="3.285" /><testcase classname="test.sportscar.entertainmennt.test_entertainment" name="test_entertainment_functions_as_expected" time="0.001" /><testcase classname="test.sportscar.entertainmennt.test_entertainment.EntertainmentTests" name="test_speaker" time="0.001" /><testcase classname="test.sportscar.entertainmennt.test_entertainment.EntertainmentTests" name="test_dashboard" time="0.001" /></testsuite></testsuites>